<?xml version="1.0" encoding="UTF-8"?>
<!-- Generated by org.testng.reporters.JUnitXMLReporter -->
<testsuite hostname="MKPC" name="Selecting A Contact Test" tests="1" failures="0" timestamp="27 Jun 2015 09:19:22 GMT" time="0.037" errors="0">
  <testcase name="@BeforeTest isExecutable" time="0.0" classname="dd_testcases.Contact">
    <skipped/>
  </testcase> <!-- @BeforeTest isExecutable -->
  <testcase name="doSelectContact" time="0.002" classname="dd_testcases.Contact">
    <skipped/>
  </testcase> <!-- doSelectContact -->
</testsuite> <!-- Selecting A Contact Test -->
